<?xml version="1.0" encoding="UTF-8"?>
<testsuite xmlns:xsi="http://www.w3.org/2001/XMLSchema-instance" xsi:noNamespaceSchemaLocation="https://maven.apache.org/surefire/maven-surefire-plugin/xsd/surefire-test-report.xsd" version="3.0.2" name="com.example.signUp.SignUpApplicationTests" time="7.89" tests="1" errors="0" skipped="0" failures="0">
  <properties>
[...]
</properties>
  <testcase name="contextLoads" classname="com.example.signUp.SignUpApplicationTests" time="1.116">
    <system-out><![CDATA[11:03:37.769 [main] INFO org.springframework.test.context.support.AnnotationConfigContextLoaderUtils -- Could not detect default configuration classes for test class [com.example.signUp.SignUpApplicationTests]: SignUpApplicationTests does not declare any static, non-private, non-final, nested classes annotated with @Configuration.
11:03:38.023 [main] INFO org.springframework.boot.test.context.SpringBootTestContextBootstrapper -- Found @SpringBootConfiguration com.example.signUp.SignUpApplication for test class com.example.signUp.SignUpApplicationTests

  .   ____          _            __ _ _
 /\\ / ___'_ __ _ _(_)_ __  __ _ \ \ \ \
( ( )\___ | '_ | '_| | '_ \/ _` | \ \ \ \
 \\/  ___)| |_)| | | | | || (_| |  ) ) ) )
  '  |____| .__|_| |_|_| |_\__, | / / / /
 =========|_|==============|___/=/_/_/_/

 :: Spring Boot ::                (v4.0.2)

2026-02-12T11:03:39.081+05:30  INFO 18720 --- [signUp] [           main] c.example.signUp.SignUpApplicationTests  : Starting SignUpApplicationTests using Java 17.0.18 with PID 18720 (started by choub in C:\Users\choub\Desktop\signUp)
2026-02-12T11:03:39.088+05:30  INFO 18720 --- [signUp] [           main] c.example.signUp.SignUpApplicationTests  : No active profile set, falling back to 1 default profile: "default"
2026-02-12T11:03:40.494+05:30  INFO 18720 --- [signUp] [           main] .s.d.r.c.RepositoryConfigurationDelegate : Bootstrapping Spring Data MongoDB repositories in DEFAULT mode.
2026-02-12T11:03:40.611+05:30  INFO 18720 --- [signUp] [           main] .s.d.r.c.RepositoryConfigurationDelegate : Finished Spring Data repository scanning in 85 ms. Found 1 MongoDB repository interface.
2026-02-12T11:03:42.332+05:30  INFO 18720 --- [signUp] [           main] org.mongodb.driver.client                : MongoClient with metadata {"application": {"name": "Cluster0"}, "driver": {"name": "mongo-java-driver|spring-boot|sync", "version": "5.6.2"}, "os": {"type": "Windows", "name": "Windows 11", "architecture": "amd64", "version": "10.0"}, "platform": "Java/Microsoft/17.0.18+8-LTS"} created with settings MongoClientSettings{readPreference=primary, writeConcern=WriteConcern{w=null, wTimeout=null ms, journal=null}, retryWrites=true, retryReads=true, readConcern=ReadConcern{level=null}, credential=MongoCredential{mechanism=null, userName='rohit', source='admin', password=<hidden>, mechanismProperties=<hidden>}, transportSettings=null, commandListeners=[], codecRegistry=ProvidersCodecRegistry{codecProviders=[ValueCodecProvider{}, BsonValueCodecProvider{}, DBRefCodecProvider{}, DBObjectCodecProvider{}, DocumentCodecProvider{}, CollectionCodecProvider{}, IterableCodecProvider{}, MapCodecProvider{}, GeoJsonCodecProvider{}, GridFSFileCodecProvider{}, Jsr310CodecProvider{}, JsonObjectCodecProvider{}, BsonCodecProvider{}, com.mongodb.client.model.mql.ExpressionCodecProvider@421d54b3, com.mongodb.Jep395RecordCodecProvider@63f40ca0, com.mongodb.KotlinCodecProvider@4dad8ec0, EnumCodecProvider{}]}, loggerSettings=LoggerSettings{maxDocumentLength=1000}, clusterSettings={hosts=[127.0.0.1:27017], srvHost=cluster0.5qyvg2a.mongodb.net, srvServiceName=mongodb, mode=MULTIPLE, requiredClusterType=REPLICA_SET, requiredReplicaSetName='atlas-12jijm-shard-0', serverSelector='null', clusterListeners='[]', serverSelectionTimeout='30000 ms', localThreshold='15 ms'}, socketSettings=SocketSettings{connectTimeoutMS=10000, readTimeoutMS=0, receiveBufferSize=0, proxySettings=ProxySettings{host=null, port=null, username=null, password=null}}, heartbeatSocketSettings=SocketSettings{connectTimeoutMS=10000, readTimeoutMS=10000, receiveBufferSize=0, proxySettings=ProxySettings{host=null, port=null, username=null, password=null}}, connectionPoolSettings=ConnectionPoolSettings{maxSize=100, minSize=0, maxWaitTimeMS=120000, maxConnectionLifeTimeMS=0, maxConnectionIdleTimeMS=0, maintenanceInitialDelayMS=0, maintenanceFrequencyMS=60000, connectionPoolListeners=[], maxConnecting=2}, serverSettings=ServerSettings{heartbeatFrequencyMS=10000, minHeartbeatFrequencyMS=500, serverMonitoringMode=AUTO, serverListeners='[]', serverMonitorListeners='[]'}, sslSettings=SslSettings{enabled=true, invalidHostNameAllowed=false, context=null}, applicationName='Cluster0', compressorList=[], uuidRepresentation=UNSPECIFIED, serverApi=null, autoEncryptionSettings=null, dnsClient=null, inetAddressResolver=null, contextProvider=null, timeoutMS=null}
2026-02-12T11:03:42.465+05:30  INFO 18720 --- [signUp] [g2a.mongodb.net] org.mongodb.driver.cluster               : Adding discovered server ac-tkshk5y-shard-00-02.5qyvg2a.mongodb.net:27017 to client view of cluster
2026-02-12T11:03:42.557+05:30  INFO 18720 --- [signUp] [g2a.mongodb.net] org.mongodb.driver.cluster               : Adding discovered server ac-tkshk5y-shard-00-01.5qyvg2a.mongodb.net:27017 to client view of cluster
2026-02-12T11:03:42.557+05:30  INFO 18720 --- [signUp] [g2a.mongodb.net] org.mongodb.driver.cluster               : Adding discovered server ac-tkshk5y-shard-00-00.5qyvg2a.mongodb.net:27017 to client view of cluster
2026-02-12T11:03:44.056+05:30  INFO 18720 --- [signUp] [           main] c.example.signUp.SignUpApplicationTests  : Started SignUpApplicationTests in 5.557 seconds (process running for 8.173)
]]></system-out>
  </testcase>
</testsuite>